2019-03-19 17:22:49.528 [main] DEBUG com.example.o2o.dao.AreaDao.queryArea-==>  Preparing: SELECT area_id, area_name, priority, create_time, last_edit_time FROM tb_area ORDER BY priority DESC 
2019-03-19 17:22:49.607 [main] DEBUG com.example.o2o.dao.AreaDao.queryArea-==> Parameters: 
2019-03-19 17:22:49.623 [main] DEBUG com.example.o2o.dao.AreaDao.queryArea-<==      Total: 2
2019-03-19 17:22:49.672 [main] DEBUG com.example.o2o.dao.HeadLineDao.queryHeadLine-==>  Preparing: SELECT line_id ,line_name,line_link,line_img,priority,enable_status,create_time,last_edit_time FROM tb_head_line ORDER BY priority DESC 
2019-03-19 17:22:49.672 [main] DEBUG com.example.o2o.dao.HeadLineDao.queryHeadLine-==> Parameters: 
2019-03-19 17:22:49.676 [main] DEBUG com.example.o2o.dao.HeadLineDao.queryHeadLine-<==      Total: 4
2019-03-19 17:22:49.691 [main] DEBUG c.e.o.d.P.batchInsertProductCategory-==>  Preparing: INSERT INTO tb_product_category(product_category_name,priority,create_time,shop_id) VALUES (?,?, ?,?) , (?,?, ?,?) 
2019-03-19 17:22:49.693 [main] DEBUG c.e.o.d.P.batchInsertProductCategory-==> Parameters: cat1(String), 100(Integer), 2019-03-19 17:22:49.684(Timestamp), 28(Long), cat2(String), 200(Integer), 2019-03-19 17:22:49.684(Timestamp), 28(Long)
2019-03-19 17:22:49.708 [main] DEBUG c.e.o.d.P.batchInsertProductCategory-<==    Updates: 2
2019-03-19 17:22:49.714 [main] DEBUG c.e.o.d.P.queryProductCategoryList-==>  Preparing: SELECT product_category_id, product_category_name, priority, create_time, shop_id FROM tb_product_category WHERE shop_id=? ORDER BY priority DESC 
2019-03-19 17:22:49.714 [main] DEBUG c.e.o.d.P.queryProductCategoryList-==> Parameters: 1(Long)
2019-03-19 17:22:49.715 [main] DEBUG c.e.o.d.P.queryProductCategoryList-<==      Total: 0
2019-03-19 17:22:49.718 [main] DEBUG c.e.o.d.P.queryProductCategoryList-==>  Preparing: SELECT product_category_id, product_category_name, priority, create_time, shop_id FROM tb_product_category WHERE shop_id=? ORDER BY priority DESC 
2019-03-19 17:22:49.719 [main] DEBUG c.e.o.d.P.queryProductCategoryList-==> Parameters: 28(Long)
2019-03-19 17:22:49.722 [main] DEBUG c.e.o.d.P.queryProductCategoryList-<==      Total: 8
2019-03-19 17:22:49.723 [main] DEBUG c.e.o.dao.ProductCategoryDao.deleteProductCategory-==>  Preparing: DELETE FROM tb_product_category WHERE product_category_id = ? AND shop_id = ? 
2019-03-19 17:22:49.723 [main] DEBUG c.e.o.dao.ProductCategoryDao.deleteProductCategory-==> Parameters: 45(Long), 28(Long)
2019-03-19 17:22:49.729 [main] DEBUG c.e.o.dao.ProductCategoryDao.deleteProductCategory-<==    Updates: 1
2019-03-19 17:22:49.730 [main] DEBUG c.e.o.dao.ProductCategoryDao.deleteProductCategory-==>  Preparing: DELETE FROM tb_product_category WHERE product_category_id = ? AND shop_id = ? 
2019-03-19 17:22:49.730 [main] DEBUG c.e.o.dao.ProductCategoryDao.deleteProductCategory-==> Parameters: 44(Long), 28(Long)
2019-03-19 17:22:49.740 [main] DEBUG c.e.o.dao.ProductCategoryDao.deleteProductCategory-<==    Updates: 1
2019-03-19 17:22:49.761 [main] DEBUG com.example.o2o.dao.ProductDao.insertProduct-==>  Preparing: INSERT INTO tb_product(product_name,product_desc,img_addr, normal_price,promotion_price,priority,create_time, last_edit_time,enable_status,product_category_id, shop_id) VALUES (?,?,?, ?,?,?,?, ?,?,?, ?) 
2019-03-19 17:22:49.774 [main] DEBUG com.example.o2o.dao.ProductDao.insertProduct-==> Parameters: ??1(String), ??Desc1(String), test1(String), null, null, 1(Integer), 2019-03-19 17:22:49.761(Timestamp), 2019-03-19 17:22:49.761(Timestamp), 1(Integer), 1(Long), 1(Long)
2019-03-19 17:22:49.785 [main] DEBUG com.example.o2o.dao.ProductDao.insertProduct-<==    Updates: 1
2019-03-19 17:22:49.786 [main] DEBUG com.example.o2o.dao.ProductDao.insertProduct-==>  Preparing: INSERT INTO tb_product(product_name,product_desc,img_addr, normal_price,promotion_price,priority,create_time, last_edit_time,enable_status,product_category_id, shop_id) VALUES (?,?,?, ?,?,?,?, ?,?,?, ?) 
2019-03-19 17:22:49.788 [main] DEBUG com.example.o2o.dao.ProductDao.insertProduct-==> Parameters: ??2(String), ??Desc2(String), test2(String), null, null, 2(Integer), 2019-03-19 17:22:49.761(Timestamp), 2019-03-19 17:22:49.761(Timestamp), 0(Integer), 1(Long), 1(Long)
2019-03-19 17:22:49.795 [main] DEBUG com.example.o2o.dao.ProductDao.insertProduct-<==    Updates: 1
2019-03-19 17:22:49.796 [main] DEBUG com.example.o2o.dao.ProductDao.insertProduct-==>  Preparing: INSERT INTO tb_product(product_name,product_desc,img_addr, normal_price,promotion_price,priority,create_time, last_edit_time,enable_status,product_category_id, shop_id) VALUES (?,?,?, ?,?,?,?, ?,?,?, ?) 
2019-03-19 17:22:49.798 [main] DEBUG com.example.o2o.dao.ProductDao.insertProduct-==> Parameters: test3(String), ??Desc3(String), test3(String), null, null, 3(Integer), 2019-03-19 17:22:49.761(Timestamp), 2019-03-19 17:22:49.761(Timestamp), 1(Integer), 1(Long), 1(Long)
2019-03-19 17:22:49.815 [main] DEBUG com.example.o2o.dao.ProductDao.insertProduct-<==    Updates: 1
2019-03-19 17:22:49.823 [main] DEBUG com.example.o2o.dao.ProductDao.queryProductList-==>  Preparing: SELECT product_id, product_name, product_desc, img_addr, normal_price, promotion_price, priority, create_time, last_edit_time, enable_status, product_category_id, shop_id FROM tb_product ORDER BY priority DESC LIMIT ?,?; 
2019-03-19 17:22:49.824 [main] DEBUG com.example.o2o.dao.ProductDao.queryProductList-==> Parameters: 0(Integer), 3(Integer)
2019-03-19 17:22:49.827 [main] DEBUG com.example.o2o.dao.ProductDao.queryProductList-<==      Total: 3
2019-03-19 17:22:49.828 [main] DEBUG com.example.o2o.dao.ProductDao.queryProductCount-==>  Preparing: SELECT count(1) FROM tb_product 
2019-03-19 17:22:49.828 [main] DEBUG com.example.o2o.dao.ProductDao.queryProductCount-==> Parameters: 
2019-03-19 17:22:49.830 [main] DEBUG com.example.o2o.dao.ProductDao.queryProductCount-<==      Total: 1
2019-03-19 17:22:49.835 [main] DEBUG c.e.o2o.dao.ProductImgDao.batchInsertProductImg-==>  Preparing: INSERT INTO tb_product_img(img_addr,img_desc,priority,create_time,product_id) VALUES ( ?, ?, ?, ?, ? ) , ( ?, ?, ?, ?, ? ) 
2019-03-19 17:22:49.837 [main] DEBUG c.e.o2o.dao.ProductImgDao.batchInsertProductImg-==> Parameters: ??1(String), ????1(String), 1(Integer), 2019-03-19 17:22:49.833(Timestamp), 1(Long), ??2(String), null, 1(Integer), 2019-03-19 17:22:49.833(Timestamp), 1(Long)
2019-03-19 17:22:49.843 [main] DEBUG c.e.o2o.dao.ProductImgDao.batchInsertProductImg-<==    Updates: 2
2019-03-19 17:22:49.844 [main] DEBUG com.example.o2o.dao.ProductDao.queryProductById-==>  Preparing: SELECT p.product_id, p.product_name, p.product_desc, p.img_addr, p.normal_price, p.promotion_price, p.priority, p.create_time, p.last_edit_time, p.enable_status, p.product_category_id, p.shop_id, pm.product_img_id, pm.img_addr AS detail_img, pm.img_desc, pm.priority, pm.create_time FROM tb_product p LEFT JOIN tb_product_img pm ON p.product_id = pm.product_id WHERE p.product_id = ? ORDER BY pm.priority DESC 
2019-03-19 17:22:49.844 [main] DEBUG com.example.o2o.dao.ProductDao.queryProductById-==> Parameters: 1(Long)
2019-03-19 17:22:49.855 [main] DEBUG com.example.o2o.dao.ProductDao.queryProductById-<==      Total: 8
2019-03-19 17:22:49.859 [main] DEBUG com.example.o2o.dao.ProductDao.updateProduct-==>  Preparing: UPDATE tb_product SET product_name=?, product_category_id=? WHERE product_id = ? AND shop_id=? 
2019-03-19 17:22:49.860 [main] DEBUG com.example.o2o.dao.ProductDao.updateProduct-==> Parameters: ?????(String), 2(Long), 1(Long), 1(Long)
2019-03-19 17:22:49.863 [main] DEBUG com.example.o2o.dao.ProductDao.updateProduct-<==    Updates: 0
2019-03-19 17:22:49.865 [main] DEBUG c.e.o2o.dao.ProductDao.updateProductCategoryToNull-==>  Preparing: UPDATE tb_product SET product_category_id = null WHERE product_category_id = ? 
2019-03-19 17:22:49.869 [main] DEBUG c.e.o2o.dao.ProductDao.updateProductCategoryToNull-==> Parameters: 4(Long)
2019-03-19 17:22:49.870 [main] DEBUG c.e.o2o.dao.ProductDao.updateProductCategoryToNull-<==    Updates: 0
2019-03-19 17:22:49.874 [main] DEBUG com.example.o2o.dao.ProductDao.queryProductList-==>  Preparing: SELECT product_id, product_name, product_desc, img_addr, normal_price, promotion_price, priority, create_time, last_edit_time, enable_status, product_category_id, shop_id FROM tb_product WHERE product_category_id = ? ORDER BY priority DESC LIMIT ?,?; 
2019-03-19 17:22:49.874 [main] DEBUG com.example.o2o.dao.ProductDao.queryProductList-==> Parameters: 1(Long), 0(Integer), 3(Integer)
2019-03-19 17:22:49.876 [main] DEBUG com.example.o2o.dao.ProductDao.queryProductList-<==      Total: 3
2019-03-19 17:22:49.877 [main] DEBUG com.example.o2o.dao.ProductDao.deleteProduct-==>  Preparing: DELETE FROM tb_product WHERE product_id = ? AND shop_id=? 
2019-03-19 17:22:49.877 [main] DEBUG com.example.o2o.dao.ProductDao.deleteProduct-==> Parameters: 40(Long), 1(Long)
2019-03-19 17:22:49.951 [main] DEBUG c.e.o2o.dao.ProductImgDao.batchInsertProductImg-==>  Preparing: INSERT INTO tb_product_img(img_addr,img_desc,priority,create_time,product_id) VALUES ( ?, ?, ?, ?, ? ) , ( ?, ?, ?, ?, ? ) 
2019-03-19 17:22:49.953 [main] DEBUG c.e.o2o.dao.ProductImgDao.batchInsertProductImg-==> Parameters: ??1(String), ????1(String), 1(Integer), 2019-03-19 17:22:49.95(Timestamp), 1(Long), ??2(String), null, 1(Integer), 2019-03-19 17:22:49.95(Timestamp), 1(Long)
2019-03-19 17:22:49.977 [main] DEBUG c.e.o2o.dao.ProductImgDao.batchInsertProductImg-<==    Updates: 2
2019-03-19 17:22:49.981 [main] DEBUG c.e.o2o.dao.ProductImgDao.queryProductImgList-==>  Preparing: SELECT product_img_id, img_addr, img_desc, priority, create_time, product_id FROM tb_product_img WHERE product_id=? ORDER BY product_img_id ASC 
2019-03-19 17:22:49.981 [main] DEBUG c.e.o2o.dao.ProductImgDao.queryProductImgList-==> Parameters: 1(Long)
2019-03-19 17:22:49.987 [main] DEBUG c.e.o2o.dao.ProductImgDao.queryProductImgList-<==      Total: 10
2019-03-19 17:22:49.990 [main] DEBUG c.e.o.d.ProductImgDao.deleteProductImgByProductId-==>  Preparing: DELETE FROM tb_product_img WHERE product_id = ? 
2019-03-19 17:22:49.990 [main] DEBUG c.e.o.d.ProductImgDao.deleteProductImgByProductId-==> Parameters: 1(Long)
2019-03-19 17:22:49.996 [main] DEBUG c.e.o.d.ProductImgDao.deleteProductImgByProductId-<==    Updates: 10
2019-03-19 17:22:50.009 [main] DEBUG c.e.o2o.dao.ShopCategoryDao.queryShopCategory-==>  Preparing: SELECT shop_category_id,shop_category_name,shop_category_desc,shop_category_img, priority,create_time,last_edit_time,parent_id FROM tb_shop_category WHERE parent_id is null ORDER BY priority DESC 
2019-03-19 17:22:50.009 [main] DEBUG c.e.o2o.dao.ShopCategoryDao.queryShopCategory-==> Parameters: 
2019-03-19 17:22:50.012 [main] DEBUG c.e.o2o.dao.ShopCategoryDao.queryShopCategory-<==      Total: 6
2019-03-19 17:22:50.038 [main] DEBUG com.example.o2o.dao.ShopDao.queryShopList-==>  Preparing: SELECT s.shop_id, s.shop_name, s.shop_desc, s.shop_addr, s.phone, s.shop_img, s.priority,s.create_time,s.last_edit_time,s.enable_status,s.advice, a.area_id, a.area_name, sc.shop_category_id, sc.shop_category_name FROM tb_shop s, tb_area a, tb_shop_category sc WHERE s.shop_category_id=? AND s.owner_id = ? AND s.area_id=a.area_id AND s.shop_category_id=sc.shop_category_id ORDER BY priority DESC LIMIT ?, ?; 
2019-03-19 17:22:50.040 [main] DEBUG com.example.o2o.dao.ShopDao.queryShopList-==> Parameters: 3(Long), 1(Long), 0(Integer), 2(Integer)
2019-03-19 17:22:50.043 [main] DEBUG com.example.o2o.dao.ShopDao.queryShopList-<==      Total: 0
2019-03-19 17:22:50.046 [main] DEBUG com.example.o2o.dao.ShopDao.queryShopCount-==>  Preparing: SELECT COUNT(*) FROM tb_shop s, tb_area a, tb_shop_category sc WHERE s.shop_category_id=? AND s.owner_id = ? AND s.area_id=a.area_id AND s.shop_category_id=sc.shop_category_id 
2019-03-19 17:22:50.047 [main] DEBUG com.example.o2o.dao.ShopDao.queryShopCount-==> Parameters: 3(Long), 1(Long)
2019-03-19 17:22:50.049 [main] DEBUG com.example.o2o.dao.ShopDao.queryShopCount-<==      Total: 1
2019-03-19 17:22:50.062 [main] DEBUG com.example.o2o.dao.AreaDao.queryArea-==>  Preparing: SELECT area_id, area_name, priority, create_time, last_edit_time FROM tb_area ORDER BY priority DESC 
2019-03-19 17:22:50.062 [main] DEBUG com.example.o2o.dao.AreaDao.queryArea-==> Parameters: 
2019-03-19 17:22:50.064 [main] DEBUG com.example.o2o.dao.AreaDao.queryArea-<==      Total: 2
2019-03-19 17:22:50.081 [main] DEBUG c.e.o.d.P.queryProductCategoryList-==>  Preparing: SELECT product_category_id, product_category_name, priority, create_time, shop_id FROM tb_product_category WHERE shop_id=? ORDER BY priority DESC 
2019-03-19 17:22:50.081 [main] DEBUG c.e.o.d.P.queryProductCategoryList-==> Parameters: 1(Long)
2019-03-19 17:22:50.085 [main] DEBUG c.e.o.d.P.queryProductCategoryList-<==      Total: 0
2019-03-19 17:22:50.125 [main] DEBUG com.example.o2o.dao.ProductDao.queryProductById-==>  Preparing: SELECT p.product_id, p.product_name, p.product_desc, p.img_addr, p.normal_price, p.promotion_price, p.priority, p.create_time, p.last_edit_time, p.enable_status, p.product_category_id, p.shop_id, pm.product_img_id, pm.img_addr AS detail_img, pm.img_desc, pm.priority, pm.create_time FROM tb_product p LEFT JOIN tb_product_img pm ON p.product_id = pm.product_id WHERE p.product_id = ? ORDER BY pm.priority DESC 
2019-03-19 17:22:50.126 [main] DEBUG com.example.o2o.dao.ProductDao.queryProductById-==> Parameters: 50(Long)
2019-03-19 17:22:50.128 [main] DEBUG com.example.o2o.dao.ProductDao.queryProductById-<==      Total: 2
2019-03-19 17:22:50.134 [main] DEBUG com.example.o2o.util.ImageUtil-current relativeAddr is: \item\shop\1\2019031917225094890.jpg
2019-03-19 17:22:50.134 [main] DEBUG com.example.o2o.util.ImageUtil-current completeAddr is: \uploadImage\\item\shop\1\2019031917225094890.jpg
2019-03-19 17:22:50.576 [main] DEBUG c.e.o2o.dao.ProductImgDao.queryProductImgList-==>  Preparing: SELECT product_img_id, img_addr, img_desc, priority, create_time, product_id FROM tb_product_img WHERE product_id=? ORDER BY product_img_id ASC 
2019-03-19 17:22:50.577 [main] DEBUG c.e.o2o.dao.ProductImgDao.queryProductImgList-==> Parameters: 50(Long)
2019-03-19 17:22:50.580 [main] DEBUG c.e.o2o.dao.ProductImgDao.queryProductImgList-<==      Total: 2
2019-03-19 17:22:50.581 [main] DEBUG c.e.o.d.ProductImgDao.deleteProductImgByProductId-==>  Preparing: DELETE FROM tb_product_img WHERE product_id = ? 
2019-03-19 17:22:50.581 [main] DEBUG c.e.o.d.ProductImgDao.deleteProductImgByProductId-==> Parameters: 50(Long)
2019-03-19 17:22:50.583 [main] DEBUG c.e.o.d.ProductImgDao.deleteProductImgByProductId-<==    Updates: 2
2019-03-19 17:22:50.584 [main] DEBUG com.example.o2o.util.ImageUtil-current relativeAddr is: \item\shop\1\2019031917225061254.jpg
2019-03-19 17:22:50.584 [main] DEBUG com.example.o2o.util.ImageUtil-current completeAddr is: \uploadImage\\item\shop\1\2019031917225061254.jpg
2019-03-19 17:22:50.682 [main] DEBUG com.example.o2o.util.ImageUtil-current relativeAddr is: \item\shop\1\2019031917225078667.jpg
2019-03-19 17:22:50.682 [main] DEBUG com.example.o2o.util.ImageUtil-current completeAddr is: \uploadImage\\item\shop\1\2019031917225078667.jpg
2019-03-19 17:22:50.813 [main] DEBUG c.e.o2o.dao.ProductImgDao.batchInsertProductImg-==>  Preparing: INSERT INTO tb_product_img(img_addr,img_desc,priority,create_time,product_id) VALUES ( ?, ?, ?, ?, ? ) , ( ?, ?, ?, ?, ? ) 
2019-03-19 17:22:50.814 [main] DEBUG c.e.o2o.dao.ProductImgDao.batchInsertProductImg-==> Parameters: \item\shop\1\2019031917225061254.jpg(String), null, null, null, 50(Long), \item\shop\1\2019031917225078667.jpg(String), null, null, null, 50(Long)
2019-03-19 17:22:50.818 [main] DEBUG c.e.o2o.dao.ProductImgDao.batchInsertProductImg-<==    Updates: 2
2019-03-19 17:22:50.819 [main] DEBUG com.example.o2o.dao.ProductDao.updateProduct-==>  Preparing: UPDATE tb_product SET product_name=?, product_desc=?, img_addr=?, last_edit_time=?, product_category_id=? WHERE product_id = ? AND shop_id=? 
2019-03-19 17:22:50.820 [main] DEBUG com.example.o2o.dao.ProductDao.updateProduct-==> Parameters: TestProduct111(String), TestProduct111(String), \item\shop\1\2019031917225094890.jpg(String), 2019-03-19 17:22:50.123(Timestamp), 1(Long), 50(Long), 1(Long)
2019-03-19 17:22:50.823 [main] DEBUG com.example.o2o.dao.ProductDao.updateProduct-<==    Updates: 1
2019-03-19 17:22:50.854 [main] DEBUG com.example.o2o.dao.ShopDao.queryShopList-==>  Preparing: SELECT s.shop_id, s.shop_name, s.shop_desc, s.shop_addr, s.phone, s.shop_img, s.priority,s.create_time,s.last_edit_time,s.enable_status,s.advice, a.area_id, a.area_name, sc.shop_category_id, sc.shop_category_name FROM tb_shop s, tb_area a, tb_shop_category sc WHERE s.shop_category_id=? AND s.area_id=a.area_id AND s.shop_category_id=sc.shop_category_id ORDER BY priority DESC LIMIT ?, ?; 
2019-03-19 17:22:50.855 [main] DEBUG com.example.o2o.dao.ShopDao.queryShopList-==> Parameters: 1(Long), 4(Integer), 2(Integer)
2019-03-19 17:22:50.856 [main] DEBUG com.example.o2o.dao.ShopDao.queryShopList-<==      Total: 0
2019-03-19 17:22:50.858 [main] DEBUG com.example.o2o.dao.ShopDao.queryShopCount-==>  Preparing: SELECT COUNT(*) FROM tb_shop s, tb_area a, tb_shop_category sc WHERE s.shop_category_id=? AND s.area_id=a.area_id AND s.shop_category_id=sc.shop_category_id 
2019-03-19 17:22:50.859 [main] DEBUG com.example.o2o.dao.ShopDao.queryShopCount-==> Parameters: 1(Long)
2019-03-19 17:22:50.861 [main] DEBUG com.example.o2o.dao.ShopDao.queryShopCount-<==      Total: 1
2019-03-19 18:32:40.961 [main] DEBUG com.example.o2o.dao.ShopDao.queryShopList-==>  Preparing: SELECT s.shop_id, s.shop_name, s.shop_desc, s.shop_addr, s.phone, s.shop_img, s.priority,s.create_time,s.last_edit_time,s.enable_status,s.advice, a.area_id, a.area_name, sc.shop_category_id, sc.shop_category_name FROM tb_shop s, tb_area a, tb_shop_category sc WHERE s.shop_category_id IN (SELECT shop_category_id FROM tb_shop_category WHERE parent_id = ?) AND s.area_id=a.area_id AND s.shop_category_id=sc.shop_category_id ORDER BY priority DESC LIMIT ?, ?; 
2019-03-19 18:32:41.018 [main] DEBUG com.example.o2o.dao.ShopDao.queryShopList-==> Parameters: 12(Long), 0(Integer), 6(Integer)
2019-03-19 18:32:41.041 [main] DEBUG com.example.o2o.dao.ShopDao.queryShopList-<==      Total: 6
2019-03-19 18:32:41.048 [main] DEBUG com.example.o2o.dao.ShopDao.queryShopCount-==>  Preparing: SELECT COUNT(*) FROM tb_shop s, tb_area a, tb_shop_category sc WHERE s.shop_category_id IN (SELECT shop_category_id FROM tb_shop_category WHERE parent_id = ?) AND s.area_id=a.area_id AND s.shop_category_id=sc.shop_category_id 
2019-03-19 18:32:41.049 [main] DEBUG com.example.o2o.dao.ShopDao.queryShopCount-==> Parameters: 12(Long)
2019-03-19 18:32:41.051 [main] DEBUG com.example.o2o.dao.ShopDao.queryShopCount-<==      Total: 1
2019-03-19 19:09:33.645 [main] DEBUG com.example.o2o.dao.ShopDao.queryShopList-==>  Preparing: SELECT s.shop_id, s.shop_name, s.shop_desc, s.shop_addr, s.phone, s.shop_img, s.priority,s.create_time,s.last_edit_time,s.enable_status,s.advice, a.area_id, a.area_name, sc.shop_category_id, sc.shop_category_name FROM tb_shop s, tb_area a, tb_shop_category sc WHERE s.shop_category_id IN (SELECT shop_category_id FROM tb_shop_category WHERE parent_id = ?) AND s.area_id=a.area_id AND s.shop_category_id=sc.shop_category_id ORDER BY priority DESC LIMIT ?, ?; 
2019-03-19 19:09:33.730 [main] DEBUG com.example.o2o.dao.ShopDao.queryShopList-==> Parameters: 12(Long), 0(Integer), 6(Integer)
2019-03-19 19:09:33.749 [main] DEBUG com.example.o2o.dao.ShopDao.queryShopList-<==      Total: 6
2019-03-19 19:09:33.754 [main] DEBUG com.example.o2o.dao.ShopDao.queryShopCount-==>  Preparing: SELECT COUNT(*) FROM tb_shop s, tb_area a, tb_shop_category sc WHERE s.shop_category_id IN (SELECT shop_category_id FROM tb_shop_category WHERE parent_id = ?) AND s.area_id=a.area_id AND s.shop_category_id=sc.shop_category_id 
2019-03-19 19:09:33.755 [main] DEBUG com.example.o2o.dao.ShopDao.queryShopCount-==> Parameters: 12(Long)
2019-03-19 19:09:33.758 [main] DEBUG com.example.o2o.dao.ShopDao.queryShopCount-<==      Total: 1
